2019-08-07 11:48:32.338 [main] INFO  com.course.Application - Starting Application on DESKTOP-NA9DL58 with PID 18128 (C:\Users\nierenjie\IdeaProjects\autoTest\Chapter15\target\classes started by nierenjie in C:\Users\nierenjie\IdeaProjects\autoTest)
2019-08-07 11:48:32.345 [main] INFO  com.course.Application - No active profile set, falling back to default profiles: default
2019-08-07 11:48:34.087 [main] WARN  org.mybatis.spring.mapper.ClassPathMapperScanner - No MyBatis mapper was found in '[com.course]' package. Please check your configuration.
2019-08-07 11:48:34.423 [main] INFO  o.s.context.support.PostProcessorRegistrationDelegate$BeanPostProcessorChecker - Bean 'org.springframework.transaction.annotation.ProxyTransactionManagementConfiguration' of type [org.springframework.transaction.annotation.ProxyTransactionManagementConfiguration$$EnhancerBySpringCGLIB$$d96c286e] is not eligible for getting processed by all BeanPostProcessors (for example: not eligible for auto-proxying)
2019-08-07 11:48:34.776 [main] INFO  org.springframework.boot.web.embedded.tomcat.TomcatWebServer - Tomcat initialized with port(s): 8001 (http)
2019-08-07 11:48:34.802 [main] INFO  org.apache.catalina.core.StandardService - Starting service [Tomcat]
2019-08-07 11:48:34.802 [main] INFO  org.apache.catalina.core.StandardEngine - Starting Servlet engine: [Apache Tomcat/9.0.21]
2019-08-07 11:48:34.980 [main] INFO  org.apache.catalina.core.ContainerBase.[Tomcat].[localhost].[/] - Initializing Spring embedded WebApplicationContext
2019-08-07 11:48:34.982 [main] INFO  org.springframework.web.context.ContextLoader - Root WebApplicationContext: initialization completed in 2569 ms
2019-08-07 11:48:35.795 [main] INFO  org.springframework.scheduling.concurrent.ThreadPoolTaskExecutor - Initializing ExecutorService 'applicationTaskExecutor'
2019-08-07 11:48:36.016 [main] INFO  org.springframework.scheduling.concurrent.ThreadPoolTaskScheduler - Initializing ExecutorService 'taskScheduler'
2019-08-07 11:48:36.064 [main] INFO  springfox.documentation.spring.web.plugins.DocumentationPluginsBootstrapper - Context refreshed
2019-08-07 11:48:36.078 [main] INFO  springfox.documentation.spring.web.plugins.DocumentationPluginsBootstrapper - Found 1 custom documentation plugin(s)
2019-08-07 11:48:36.092 [main] INFO  springfox.documentation.spring.web.scanners.ApiListingReferenceScanner - Scanning for api listing references
2019-08-07 11:48:36.403 [main] ERROR org.apache.catalina.util.LifecycleBase - Failed to start component [Connector[HTTP/1.1-8001]]
org.apache.catalina.LifecycleException: Protocol handler start failed
	at org.apache.catalina.connector.Connector.startInternal(Connector.java:1008)
	at org.apache.catalina.util.LifecycleBase.start(LifecycleBase.java:183)
	at org.apache.catalina.core.StandardService.addConnector(StandardService.java:227)
	at org.springframework.boot.web.embedded.tomcat.TomcatWebServer.addPreviouslyRemovedConnectors(TomcatWebServer.java:263)
	at org.springframework.boot.web.embedded.tomcat.TomcatWebServer.start(TomcatWebServer.java:195)
	at org.springframework.boot.web.servlet.context.ServletWebServerApplicationContext.startWebServer(ServletWebServerApplicationContext.java:296)
	at org.springframework.boot.web.servlet.context.ServletWebServerApplicationContext.finishRefresh(ServletWebServerApplicationContext.java:162)
	at org.springframework.context.support.AbstractApplicationContext.refresh(AbstractApplicationContext.java:552)
	at org.springframework.boot.web.servlet.context.ServletWebServerApplicationContext.refresh(ServletWebServerApplicationContext.java:140)
	at org.springframework.boot.SpringApplication.refresh(SpringApplication.java:742)
	at org.springframework.boot.SpringApplication.refreshContext(SpringApplication.java:389)
	at org.springframework.boot.SpringApplication.run(SpringApplication.java:311)
	at org.springframework.boot.SpringApplication.run(SpringApplication.java:1213)
	at org.springframework.boot.SpringApplication.run(SpringApplication.java:1202)
	at com.course.Application.main(Application.java:12)
Caused by: java.net.BindException: Address already in use: bind
	at sun.nio.ch.Net.bind0(Native Method)
	at sun.nio.ch.Net.bind(Net.java:433)
	at sun.nio.ch.Net.bind(Net.java:425)
	at sun.nio.ch.ServerSocketChannelImpl.bind(ServerSocketChannelImpl.java:223)
	at sun.nio.ch.ServerSocketAdaptor.bind(ServerSocketAdaptor.java:74)
	at org.apache.tomcat.util.net.NioEndpoint.initServerSocket(NioEndpoint.java:230)
	at org.apache.tomcat.util.net.NioEndpoint.bind(NioEndpoint.java:213)
	at org.apache.tomcat.util.net.AbstractEndpoint.bindWithCleanup(AbstractEndpoint.java:1124)
	at org.apache.tomcat.util.net.AbstractEndpoint.start(AbstractEndpoint.java:1210)
	at org.apache.coyote.AbstractProtocol.start(AbstractProtocol.java:585)
	at org.apache.catalina.connector.Connector.startInternal(Connector.java:1005)
	... 14 common frames omitted
2019-08-07 11:48:36.409 [main] INFO  org.apache.catalina.core.StandardService - Stopping service [Tomcat]
2019-08-07 11:48:36.421 [main] INFO  o.s.boot.autoconfigure.logging.ConditionEvaluationReportLoggingListener - 

Error starting ApplicationContext. To display the conditions report re-run your application with 'debug' enabled.
2019-08-07 11:48:36.428 [main] ERROR org.springframework.boot.diagnostics.LoggingFailureAnalysisReporter - 

***************************
APPLICATION FAILED TO START
***************************

Description:

The Tomcat connector configured to listen on port 8001 failed to start. The port may already be in use or the connector may be misconfigured.

Action:

Verify the connector's configuration, identify and stop any process that's listening on port 8001, or configure this application to listen on another port.

2019-08-07 11:48:36.432 [main] INFO  org.springframework.scheduling.concurrent.ThreadPoolTaskScheduler - Shutting down ExecutorService 'taskScheduler'
2019-08-07 11:48:36.434 [main] INFO  org.springframework.scheduling.concurrent.ThreadPoolTaskExecutor - Shutting down ExecutorService 'applicationTaskExecutor'
2019-08-07 11:56:00.238 [main] INFO  com.course.Application - Starting Application on DESKTOP-NA9DL58 with PID 20456 (C:\Users\nierenjie\IdeaProjects\autoTest\Chapter15\target\classes started by nierenjie in C:\Users\nierenjie\IdeaProjects\autoTest)
2019-08-07 11:56:00.243 [main] INFO  com.course.Application - No active profile set, falling back to default profiles: default
2019-08-07 11:56:01.315 [main] WARN  org.mybatis.spring.mapper.ClassPathMapperScanner - No MyBatis mapper was found in '[com.course]' package. Please check your configuration.
2019-08-07 11:56:01.643 [main] INFO  o.s.context.support.PostProcessorRegistrationDelegate$BeanPostProcessorChecker - Bean 'org.springframework.transaction.annotation.ProxyTransactionManagementConfiguration' of type [org.springframework.transaction.annotation.ProxyTransactionManagementConfiguration$$EnhancerBySpringCGLIB$$96fcd7fc] is not eligible for getting processed by all BeanPostProcessors (for example: not eligible for auto-proxying)
2019-08-07 11:56:02.050 [main] INFO  org.springframework.boot.web.embedded.tomcat.TomcatWebServer - Tomcat initialized with port(s): 8001 (http)
2019-08-07 11:56:02.080 [main] INFO  org.apache.catalina.core.StandardService - Starting service [Tomcat]
2019-08-07 11:56:02.081 [main] INFO  org.apache.catalina.core.StandardEngine - Starting Servlet engine: [Apache Tomcat/9.0.21]
2019-08-07 11:56:02.301 [main] INFO  org.apache.catalina.core.ContainerBase.[Tomcat].[localhost].[/] - Initializing Spring embedded WebApplicationContext
2019-08-07 11:56:02.301 [main] INFO  org.springframework.web.context.ContextLoader - Root WebApplicationContext: initialization completed in 1975 ms
2019-08-07 11:56:03.227 [main] INFO  org.springframework.scheduling.concurrent.ThreadPoolTaskExecutor - Initializing ExecutorService 'applicationTaskExecutor'
2019-08-07 11:56:03.488 [main] INFO  org.springframework.scheduling.concurrent.ThreadPoolTaskScheduler - Initializing ExecutorService 'taskScheduler'
2019-08-07 11:56:03.530 [main] INFO  springfox.documentation.spring.web.plugins.DocumentationPluginsBootstrapper - Context refreshed
2019-08-07 11:56:03.545 [main] INFO  springfox.documentation.spring.web.plugins.DocumentationPluginsBootstrapper - Found 1 custom documentation plugin(s)
2019-08-07 11:56:03.558 [main] INFO  springfox.documentation.spring.web.scanners.ApiListingReferenceScanner - Scanning for api listing references
2019-08-07 11:56:03.841 [main] INFO  org.springframework.boot.web.embedded.tomcat.TomcatWebServer - Tomcat started on port(s): 8001 (http) with context path ''
2019-08-07 11:56:03.845 [main] INFO  com.course.Application - Started Application in 4.437 seconds (JVM running for 7.141)
2019-08-07 13:31:08.923 [main] INFO  com.course.Application - Starting Application on DESKTOP-NA9DL58 with PID 21692 (C:\Users\nierenjie\IdeaProjects\autoTest\Chapter15\target\classes started by nierenjie in C:\Users\nierenjie\IdeaProjects\autoTest)
2019-08-07 13:31:08.933 [main] INFO  com.course.Application - No active profile set, falling back to default profiles: default
2019-08-07 13:31:10.769 [main] WARN  org.mybatis.spring.mapper.ClassPathMapperScanner - No MyBatis mapper was found in '[com.course]' package. Please check your configuration.
2019-08-07 13:31:11.176 [main] INFO  o.s.context.support.PostProcessorRegistrationDelegate$BeanPostProcessorChecker - Bean 'org.springframework.transaction.annotation.ProxyTransactionManagementConfiguration' of type [org.springframework.transaction.annotation.ProxyTransactionManagementConfiguration$$EnhancerBySpringCGLIB$$99acd739] is not eligible for getting processed by all BeanPostProcessors (for example: not eligible for auto-proxying)
2019-08-07 13:31:11.631 [main] INFO  org.springframework.boot.web.embedded.tomcat.TomcatWebServer - Tomcat initialized with port(s): 8001 (http)
2019-08-07 13:31:11.670 [main] INFO  org.apache.catalina.core.StandardService - Starting service [Tomcat]
2019-08-07 13:31:11.671 [main] INFO  org.apache.catalina.core.StandardEngine - Starting Servlet engine: [Apache Tomcat/9.0.21]
2019-08-07 13:31:14.220 [main] INFO  org.apache.catalina.core.ContainerBase.[Tomcat].[localhost].[/] - Initializing Spring embedded WebApplicationContext
2019-08-07 13:31:14.221 [main] INFO  org.springframework.web.context.ContextLoader - Root WebApplicationContext: initialization completed in 5142 ms
2019-08-07 13:31:15.184 [main] INFO  org.springframework.scheduling.concurrent.ThreadPoolTaskExecutor - Initializing ExecutorService 'applicationTaskExecutor'
2019-08-07 13:31:15.538 [main] INFO  org.springframework.scheduling.concurrent.ThreadPoolTaskScheduler - Initializing ExecutorService 'taskScheduler'
2019-08-07 13:31:15.595 [main] INFO  springfox.documentation.spring.web.plugins.DocumentationPluginsBootstrapper - Context refreshed
2019-08-07 13:31:15.617 [main] INFO  springfox.documentation.spring.web.plugins.DocumentationPluginsBootstrapper - Found 1 custom documentation plugin(s)
2019-08-07 13:31:15.637 [main] INFO  springfox.documentation.spring.web.scanners.ApiListingReferenceScanner - Scanning for api listing references
2019-08-07 13:31:15.999 [main] INFO  org.springframework.boot.web.embedded.tomcat.TomcatWebServer - Tomcat started on port(s): 8001 (http) with context path ''
2019-08-07 13:31:16.005 [main] INFO  com.course.Application - Started Application in 8.155 seconds (JVM running for 12.113)
2019-08-07 13:32:17.237 [http-nio-8001-exec-1] INFO  org.apache.catalina.core.ContainerBase.[Tomcat].[localhost].[/] - Initializing Spring DispatcherServlet 'dispatcherServlet'
2019-08-07 13:32:17.237 [http-nio-8001-exec-1] INFO  org.springframework.web.servlet.DispatcherServlet - Initializing Servlet 'dispatcherServlet'
2019-08-07 13:32:17.245 [http-nio-8001-exec-1] INFO  org.springframework.web.servlet.DispatcherServlet - Completed initialization in 8 ms
2019-08-07 13:32:17.336 [http-nio-8001-exec-1] INFO  com.zaxxer.hikari.HikariDataSource - HikariPool-1 - Starting...
2019-08-07 13:32:28.765 [http-nio-8001-exec-1] INFO  com.zaxxer.hikari.pool.PoolBase - HikariPool-1 - Driver does not support get/set network timeout for connections. (com.mysql.jdbc.JDBC4Connection.getNetworkTimeout()I)
2019-08-07 13:32:28.769 [http-nio-8001-exec-1] INFO  com.zaxxer.hikari.HikariDataSource - HikariPool-1 - Start completed.
2019-08-07 13:32:28.802 [http-nio-8001-exec-1] INFO  com.course.controller.UserManager - 查询到的结果是:1
2019-08-07 13:32:28.802 [http-nio-8001-exec-1] INFO  com.course.controller.UserManager - 登录的用户是:zhangsan
2019-08-07 13:32:51.501 [http-nio-8001-exec-2] INFO  com.course.controller.UserManager - 查询到的结果是:0
2019-08-07 13:33:14.195 [http-nio-8001-exec-3] INFO  com.course.controller.UserManager - cookie验证通过
2019-08-07 13:33:14.203 [http-nio-8001-exec-3] INFO  com.course.controller.UserManager - 添加用户的数量是:1
2019-08-07 13:33:36.711 [http-nio-8001-exec-4] INFO  com.course.controller.UserManager - cookie验证通过
2019-08-07 13:33:36.730 [http-nio-8001-exec-4] INFO  com.course.controller.UserManager - 获取到的用户数量是:1
2019-08-07 13:33:59.341 [http-nio-8001-exec-5] INFO  com.course.controller.UserManager - cookie验证通过
2019-08-07 13:33:59.345 [http-nio-8001-exec-5] INFO  com.course.controller.UserManager - 获取到的用户数量是:10
2019-08-07 13:34:21.917 [http-nio-8001-exec-6] INFO  com.course.controller.UserManager - cookie验证通过
2019-08-07 13:34:21.917 [http-nio-8001-exec-6] INFO  com.course.controller.UserManager - 更新的数据条数为:1条
2019-08-07 13:34:44.511 [http-nio-8001-exec-7] INFO  com.course.controller.UserManager - cookie验证通过
2019-08-07 13:34:44.513 [http-nio-8001-exec-7] INFO  com.course.controller.UserManager - 更新的数据条数为:1条
